#
# There is insufficient memory for the Java Runtime Environment to continue.
# Native memory allocation (mmap) failed to map 1572864 bytes for G1 virtual space
# Possible reasons:
#   The system is out of physical RAM or swap space
#   The process is running with CompressedOops enabled, and the Java Heap may be blocking the growth of the native heap
# Possible solutions:
#   Reduce memory load on the system
#   Increase physical memory or swap space
#   Check if swap backing store is full
#   Decrease Java heap size (-Xmx/-Xms)
#   Decrease number of Java threads
#   Decrease Java thread stack sizes (-Xss)
#   Set larger code cache with -XX:ReservedCodeCacheSize=
#   JVM is running with Unscaled Compressed Oops mode in which the Java heap is
#     placed in the first 4GB address space. The Java Heap base address is the
#     maximum limit for the native heap growth. Please use -XX:HeapBaseMinAddress
#     to set the Java Heap base and to place the Java Heap above 4GB virtual address.
# This output file may be truncated or incomplete.
#
#  Out of Memory Error (os_windows.cpp:3541), pid=9860, tid=20728
#
# JRE version:  (17.0.4.1+1) (build )
# Java VM: OpenJDK 64-Bit Server VM (17.0.4.1+1, mixed mode, sharing, tiered, compressed oops, compressed class ptrs, g1 gc, windows-amd64)
# No core dump will be written. Minidumps are not enabled by default on client versions of Windows
#

---------------  S U M M A R Y ------------

Command Line: -Dfile.encoding=UTF-8 -XX:+ShowCodeDetailsInExceptionMessages com.CarRentalSystem.CarRentalSystem.CarRentalDriver

Host: AMD Ryzen 5 3500U with Radeon Vega Mobile Gfx  , 8 cores, 5G,  Windows 11 , 64 bit Build 22621 (10.0.22621.3085)
Time: Tue Feb 20 19:24:41 2024 India Standard Time elapsed time: 0.025134 seconds (0d 0h 0m 0s)

---------------  T H R E A D  ---------------

Current thread (0x000001ec428c6f40):  JavaThread "Unknown thread" [_thread_in_vm, id=20728, stack(0x000000ac2a100000,0x000000ac2a200000)]

Stack: [0x000000ac2a100000,0x000000ac2a200000]
Native frames: (J=compiled Java code, j=interpreted, Vv=VM code, C=native code)
V  [jvm.dll+0x67731a]
V  [jvm.dll+0x832284]
V  [jvm.dll+0x833a2e]
V  [jvm.dll+0x834093]
V  [jvm.dll+0x245775]
V  [jvm.dll+0x674209]
V  [jvm.dll+0x668a92]
V  [jvm.dll+0x30471b]
V  [jvm.dll+0x30bc66]
V  [jvm.dll+0x35bac8]
V  [jvm.dll+0x35bccf]
V  [jvm.dll+0x2db5b8]
V  [jvm.dll+0x2dc524]
V  [jvm.dll+0x803db1]
V  [jvm.dll+0x3698f1]
V  [jvm.dll+0x7e31bc]
V  [jvm.dll+0x3ec25f]
V  [jvm.dll+0x3edde1]
C  [jli.dll+0x5277]
C  [ucrtbase.dll+0x29363]
C  [KERNEL32.DLL+0x1257d]
C  [ntdll.dll+0x5aa58]


---------------  P R O C E S S  ---------------

Threads class SMR info:
_java_thread_list=0x00007ff92a464e98, length=0, elements={
}

Java Threads: ( => current thread )

Other Threads:
  0x000001ec42916040 GCTaskThread "GC Thread#0" [stack: 0x000000ac2a200000,0x000000ac2a300000] [id=23956]
  0x000001ec42922dc0 ConcurrentGCThread "G1 Main Marker" [stack: 0x000000ac2a300000,0x000000ac2a400000] [id=9048]
  0x000001ec42923f70 ConcurrentGCThread "G1 Conc#0" [stack: 0x000000ac2a400000,0x000000ac2a500000] [id=24880]

[error occurred during error reporting (printing all threads), id 0xc0000005, EXCEPTION_ACCESS_VIOLATION (0xc0000005) at pc=0x00007ff929c3c047]

VM state: not at safepoint (not fully initialized)

VM Mutex/Monitor currently owned by a thread:  ([mutex/lock_event])
[0x000001ec428c4170] Heap_lock - owner thread: 0x000001ec428c6f40

Heap address: 0x00000000a0e00000, size: 1522 MB, Compressed Oops mode: 32-bit

CDS archive(s) mapped at: [0x0000000000000000-0x0000000000000000-0x0000000000000000), size 0, SharedBaseAddress: 0x0000000800000000, ArchiveRelocationMode: 0.
Narrow klass base: 0x0000000000000000, Narrow klass shift: 0, Narrow klass range: 0x0

GC Precious Log:
<Empty>

Heap:
 garbage-first heap   total 0K, used 0K [0x00000000a0e00000, 0x0000000100000000)
  region size 1024K, 0 young (0K), 0 survivors (0K)

[error occurred during error reporting (printing heap information), id 0xc0000005, EXCEPTION_ACCESS_VIOLATION (0xc0000005) at pc=0x00007ff92a020699]

GC Heap History (0 events):
No events

Deoptimization events (0 events):
No events

Classes unloaded (0 events):
No events

Classes redefined (0 events):
No events

Internal exceptions (0 events):
No events

VM Operations (0 events):
No events

Events (1 events):
Event: 0.017 Loaded shared library C:\Users\prema\Selenium tool\eclipse\plugins\org.eclipse.justj.openjdk.hotspot.jre.full.win32.x86_64_17.0.4.v20220903-1038\jre\bin\java.dll


Dynamic libraries:
0x00007ff6852c0000 - 0x00007ff6852ce000 	C:\Users\prema\Selenium tool\eclipse\plugins\org.eclipse.justj.openjdk.hotspot.jre.full.win32.x86_64_17.0.4.v20220903-1038\jre\bin\javaw.exe
0x00007ff989330000 - 0x00007ff989547000 	C:\WINDOWS\SYSTEM32\ntdll.dll
0x00007ff988b20000 - 0x00007ff988be4000 	C:\WINDOWS\System32\KERNEL32.DLL
0x00007ff986cd0000 - 0x00007ff987076000 	C:\WINDOWS\System32\KERNELBASE.dll
0x00007ff986a80000 - 0x00007ff986b91000 	C:\WINDOWS\System32\ucrtbase.dll
0x00007ff9806c0000 - 0x00007ff9806d9000 	C:\Users\prema\Selenium tool\eclipse\plugins\org.eclipse.justj.openjdk.hotspot.jre.full.win32.x86_64_17.0.4.v20220903-1038\jre\bin\VCRUNTIME140.dll
0x00007ff9806a0000 - 0x00007ff9806b8000 	C:\Users\prema\Selenium tool\eclipse\plugins\org.eclipse.justj.openjdk.hotspot.jre.full.win32.x86_64_17.0.4.v20220903-1038\jre\bin\jli.dll
0x00007ff987f00000 - 0x00007ff9880ae000 	C:\WINDOWS\System32\USER32.dll
0x00007ff9867e0000 - 0x00007ff986806000 	C:\WINDOWS\System32\win32u.dll
0x00007ff967110000 - 0x00007ff9673a3000 	C:\WINDOWS\WinSxS\amd64_microsoft.windows.common-controls_6595b64144ccf1df_6.0.22621.2506_none_270c5ae97388e100\COMCTL32.dll
0x00007ff9887a0000 - 0x00007ff9887c9000 	C:\WINDOWS\System32\GDI32.dll
0x00007ff988690000 - 0x00007ff988737000 	C:\WINDOWS\System32\msvcrt.dll
0x00007ff9868c0000 - 0x00007ff9869d8000 	C:\WINDOWS\System32\gdi32full.dll
0x00007ff9869e0000 - 0x00007ff986a7a000 	C:\WINDOWS\System32\msvcp_win.dll
0x00007ff988f20000 - 0x00007ff988f51000 	C:\WINDOWS\System32\IMM32.DLL
0x00007ff980ee0000 - 0x00007ff980eec000 	C:\Users\prema\Selenium tool\eclipse\plugins\org.eclipse.justj.openjdk.hotspot.jre.full.win32.x86_64_17.0.4.v20220903-1038\jre\bin\vcruntime140_1.dll
0x00007ff976850000 - 0x00007ff9768e1000 	C:\Users\prema\Selenium tool\eclipse\plugins\org.eclipse.justj.openjdk.hotspot.jre.full.win32.x86_64_17.0.4.v20220903-1038\jre\bin\msvcp140.dll
0x00007ff929950000 - 0x00007ff92a596000 	C:\Users\prema\Selenium tool\eclipse\plugins\org.eclipse.justj.openjdk.hotspot.jre.full.win32.x86_64_17.0.4.v20220903-1038\jre\bin\server\jvm.dll
0x00007ff9880b0000 - 0x00007ff988163000 	C:\WINDOWS\System32\ADVAPI32.dll
0x00007ff988170000 - 0x00007ff988218000 	C:\WINDOWS\System32\sechost.dll
0x00007ff986890000 - 0x00007ff9868b8000 	C:\WINDOWS\System32\bcrypt.dll
0x00007ff9888f0000 - 0x00007ff988a07000 	C:\WINDOWS\System32\RPCRT4.dll
0x00007ff988bf0000 - 0x00007ff988bf8000 	C:\WINDOWS\System32\PSAPI.DLL
0x00007ff971af0000 - 0x00007ff971af9000 	C:\WINDOWS\SYSTEM32\WSOCK32.dll
0x00007ff980630000 - 0x00007ff980664000 	C:\WINDOWS\SYSTEM32\WINMM.dll
0x00007ff97c930000 - 0x00007ff97c93a000 	C:\WINDOWS\SYSTEM32\VERSION.dll
0x00007ff988c00000 - 0x00007ff988c71000 	C:\WINDOWS\System32\WS2_32.dll
0x00007ff985680000 - 0x00007ff985698000 	C:\WINDOWS\SYSTEM32\kernel.appcore.dll
0x00007ff97bc40000 - 0x00007ff97bc4a000 	C:\Users\prema\Selenium tool\eclipse\plugins\org.eclipse.justj.openjdk.hotspot.jre.full.win32.x86_64_17.0.4.v20220903-1038\jre\bin\jimage.dll
0x00007ff9841e0000 - 0x00007ff984413000 	C:\WINDOWS\SYSTEM32\DBGHELP.DLL
0x00007ff988f60000 - 0x00007ff9892e9000 	C:\WINDOWS\System32\combase.dll
0x00007ff988de0000 - 0x00007ff988eb7000 	C:\WINDOWS\System32\OLEAUT32.dll
0x00007ff97c400000 - 0x00007ff97c432000 	C:\WINDOWS\SYSTEM32\dbgcore.DLL
0x00007ff986810000 - 0x00007ff98688a000 	C:\WINDOWS\System32\bcryptPrimitives.dll
0x00007ff97bc10000 - 0x00007ff97bc35000 	C:\Users\prema\Selenium tool\eclipse\plugins\org.eclipse.justj.openjdk.hotspot.jre.full.win32.x86_64_17.0.4.v20220903-1038\jre\bin\java.dll

dbghelp: loaded successfully - version: 4.0.5 - missing functions: none
symbol engine: initialized successfully - sym options: 0x614 - pdb path: .;C:\Users\prema\Selenium tool\eclipse\plugins\org.eclipse.justj.openjdk.hotspot.jre.full.win32.x86_64_17.0.4.v20220903-1038\jre\bin;C:\WINDOWS\SYSTEM32;C:\WINDOWS\WinSxS\amd64_microsoft.windows.common-controls_6595b64144ccf1df_6.0.22621.2506_none_270c5ae97388e100;C:\Users\prema\Selenium tool\eclipse\plugins\org.eclipse.justj.openjdk.hotspot.jre.full.win32.x86_64_17.0.4.v20220903-1038\jre\bin\server

VM Arguments:
jvm_args: -Dfile.encoding=UTF-8 -XX:+ShowCodeDetailsInExceptionMessages 
java_command: com.CarRentalSystem.CarRentalSystem.CarRentalDriver
java_class_path (initial): D:\Santhosh\eclipse-workspace\CarRentalSystem\target\classes;C:\Users\prema\.m2\repository\com\oracle\database\jdbc\ojdbc8\19.8.0.0\ojdbc8-19.8.0.0.jar
Launcher Type: SUN_STANDARD

[Global flags]
     intx CICompilerCount                          = 4                                         {product} {ergonomic}
     uint ConcGCThreads                            = 2                                         {product} {ergonomic}
     uint G1ConcRefinementThreads                  = 8                                         {product} {ergonomic}
   size_t G1HeapRegionSize                         = 1048576                                   {product} {ergonomic}
    uintx GCDrainStackTargetSize                   = 64                                        {product} {ergonomic}
   size_t InitialHeapSize                          = 100663296                                 {product} {ergonomic}
   size_t MarkStackSize                            = 4194304                                   {product} {ergonomic}
   size_t MaxHeapSize                              = 1595932672                                {product} {ergonomic}
   size_t MinHeapDeltaBytes                        = 1048576                                   {product} {ergonomic}
   size_t MinHeapSize                              = 8388608                                   {product} {ergonomic}
    uintx NonNMethodCodeHeapSize                   = 5839372                                {pd product} {ergonomic}
    uintx NonProfiledCodeHeapSize                  = 122909434                              {pd product} {ergonomic}
    uintx ProfiledCodeHeapSize                     = 122909434                              {pd product} {ergonomic}
    uintx ReservedCodeCacheSize                    = 251658240                              {pd product} {ergonomic}
     bool SegmentedCodeCache                       = true                                      {product} {ergonomic}
     bool ShowCodeDetailsInExceptionMessages       = true                                   {manageable} {command line}
   size_t SoftMaxHeapSize                          = 1595932672                             {manageable} {ergonomic}
     bool UseCompressedClassPointers               = true                           {product lp64_product} {ergonomic}
     bool UseCompressedOops                        = true                           {product lp64_product} {ergonomic}
     bool UseG1GC                                  = true                                      {product} {ergonomic}
     bool UseLargePagesIndividualAllocation        = false                                  {pd product} {ergonomic}

Logging:
Log output configuration:
 #0: stdout all=warning uptime,level,tags
 #1: stderr all=off uptime,level,tags

Environment Variables:
PATH=C:/Users/prema/Selenium tool/eclipse//plugins/org.eclipse.justj.openjdk.hotspot.jre.full.win32.x86_64_17.0.4.v20220903-1038/jre/bin/server;C:/Users/prema/Selenium tool/eclipse//plugins/org.eclipse.justj.openjdk.hotspot.jre.full.win32.x86_64_17.0.4.v20220903-1038/jre/bin;C:\oraclexe\app\oracle\product\11.2.0\server\bin;;C:\Program Files\Common Files\Oracle\Java\javapath;C:\WINDOWS\system32;C:\WINDOWS;C:\WINDOWS\System32\Wbem;C:\WINDOWS\System32\WindowsPowerShell\v1.0\;C:\WINDOWS\System32\OpenSSH\;C:\Program Files\Microsoft SQL Server\Client SDK\ODBC\170\Tools\Binn\;C:\Program Files (x86)\Microsoft SQL Server\150\Tools\Binn\;C:\Program Files\Microsoft SQL Server\150\Tools\Binn\;C:\Program Files\Microsoft SQL Server\150\DTS\Binn\;C:\Program Files (x86)\Microsoft SQL Server\150\DTS\Binn\;C:\Program Files\Azure Data Studio\bin;C:\Program Files\Git\cmd;C:\Program Files\Docker\Docker\resources\bin;C:\Program Files\dotnet\;C:\Program Files\nodejs\;C:\ProgramData\chocolatey\bin;C:\Users\prema\AppData\Local\Programs\Python\Launcher\;C:\Program Files\MySQL\MySQL Shell 8.0\bin\;C:\Users\prema\AppData\Local\Microsoft\WindowsApps;C:\Users\prema\AppData\Local\Programs\Microsoft VS Code\bin;C:\Program Files\Azure Data Studio\bin;C:\Users\prema\.dotnet\tools;C:\Users\prema\AppData\Roaming\npm;C:\Users\prema\AppData\Local\GitHubDesktop\bin;C:\Users\prema\Selenium tool\eclipse;
USERNAME=prema
OS=Windows_NT
PROCESSOR_IDENTIFIER=AMD64 Family 23 Model 24 Stepping 1, AuthenticAMD
TMP=C:\Users\prema\AppData\Local\Temp
TEMP=C:\Users\prema\AppData\Local\Temp



---------------  S Y S T E M  ---------------

OS:
 Windows 11 , 64 bit Build 22621 (10.0.22621.3085)
OS uptime: 7 days 22:43 hours
Hyper-V role detected

CPU: total 8 (initial active 8) (8 cores per cpu, 2 threads per core) family 23 model 24 stepping 1 microcode 0x0, cx8, cmov, fxsr, ht, mmx, 3dnowpref, sse, sse2, sse3, ssse3, sse4a, sse4.1, sse4.2, popcnt, lzcnt, tsc, tscinvbit, avx, avx2, aes, clmul, bmi1, bmi2, adx, sha, fma, vzeroupper, clflush, clflushopt, hv

Memory: 4k page, system-wide physical 6081M (597M free)
TotalPageFile size 24513M (AvailPageFile size 6M)
current process WorkingSet (physical memory assigned to process): 11M, peak: 11M
current process commit charge ("private bytes"): 157M, peak: 159M

vm_info: OpenJDK 64-Bit Server VM (17.0.4.1+1) for windows-amd64 JRE (17.0.4.1+1), built on Aug 17 2022 07:42:43 by "temurin" with MS VC++ 16.7 (VS2019)

END.
